2021-09-06 02:26:23,017 ERROR 14124 [-/127.0.0.1/-/83ms POST /admin] nodejs.ReferenceError: utility is not defined
    at AdminController.postAdmin (F:\egg\blackWhite\app\controller\admin.js:25:24)
    at processTicksAndRejections (internal/process/task_queues.js:95:5)
    at async anther (F:\egg\blackWhite\app\middleware\anther.js:4:9)
    at async F:\egg\blackWhite\node_modules\egg-development\app\middleware\egg_loader_trace.js:9:50
    at async xframe (F:\egg\blackWhite\node_modules\egg-security\lib\middlewares\xframe.js:7:5)
    at async xssProtection (F:\egg\blackWhite\node_modules\egg-security\lib\middlewares\xssProtection.js:7:5)
    at async nosniff (F:\egg\blackWhite\node_modules\egg-security\lib\middlewares\nosniff.js:8:5)
    at async noopen (F:\egg\blackWhite\node_modules\egg-security\lib\middlewares\noopen.js:8:5)
    at async session (F:\egg\blackWhite\node_modules\koa-session\index.js:41:7)
    at async bodyParser (F:\egg\blackWhite\node_modules\koa-bodyparser\index.js:95:5)
headers: {"Access-Control-Allow-Origin":"*","vary":"Origin"}
pid: 14124
hostname: ABOUTNB

2021-09-06 02:26:57,703 ERROR 16924 [-/127.0.0.1/-/104ms POST /admin] nodejs.ReferenceError: utility is not defined
    at AdminController.postAdmin (F:\egg\blackWhite\app\controller\admin.js:25:24)
    at processTicksAndRejections (internal/process/task_queues.js:95:5)
    at async anther (F:\egg\blackWhite\app\middleware\anther.js:4:9)
    at async F:\egg\blackWhite\node_modules\egg-development\app\middleware\egg_loader_trace.js:9:50
    at async xframe (F:\egg\blackWhite\node_modules\egg-security\lib\middlewares\xframe.js:7:5)
    at async xssProtection (F:\egg\blackWhite\node_modules\egg-security\lib\middlewares\xssProtection.js:7:5)
    at async nosniff (F:\egg\blackWhite\node_modules\egg-security\lib\middlewares\nosniff.js:8:5)
    at async noopen (F:\egg\blackWhite\node_modules\egg-security\lib\middlewares\noopen.js:8:5)
    at async session (F:\egg\blackWhite\node_modules\koa-session\index.js:41:7)
    at async bodyParser (F:\egg\blackWhite\node_modules\koa-bodyparser\index.js:95:5)
headers: {"Access-Control-Allow-Origin":"*","vary":"Origin"}
pid: 16924
hostname: ABOUTNB

2021-09-06 02:27:47,441 ERROR 14648 [-/127.0.0.1/-/127ms POST /admin] nodejs.ReferenceError: adminPwd is not defined
    at AdminController.postAdmin (F:\egg\blackWhite\app\controller\admin.js:27:9)
    at processTicksAndRejections (internal/process/task_queues.js:95:5)
    at async anther (F:\egg\blackWhite\app\middleware\anther.js:4:9)
    at async F:\egg\blackWhite\node_modules\egg-development\app\middleware\egg_loader_trace.js:9:50
    at async xframe (F:\egg\blackWhite\node_modules\egg-security\lib\middlewares\xframe.js:7:5)
    at async xssProtection (F:\egg\blackWhite\node_modules\egg-security\lib\middlewares\xssProtection.js:7:5)
    at async nosniff (F:\egg\blackWhite\node_modules\egg-security\lib\middlewares\nosniff.js:8:5)
    at async noopen (F:\egg\blackWhite\node_modules\egg-security\lib\middlewares\noopen.js:8:5)
    at async session (F:\egg\blackWhite\node_modules\koa-session\index.js:41:7)
    at async bodyParser (F:\egg\blackWhite\node_modules\koa-bodyparser\index.js:95:5)
headers: {"Access-Control-Allow-Origin":"*","vary":"Origin"}
pid: 14648
hostname: ABOUTNB

2021-09-06 03:15:44,866 ERROR 16708 [-/127.0.0.1/-/160ms POST /register] nodejs.TypeError: Cannot read property 'affectedRows' of null
    at HomeController.postReg (F:\egg\blackWhite\app\controller\home.js:58:16)
    at processTicksAndRejections (internal/process/task_queues.js:95:5)
    at async anther (F:\egg\blackWhite\app\middleware\anther.js:4:9)
    at async F:\egg\blackWhite\node_modules\egg-development\app\middleware\egg_loader_trace.js:9:50
    at async xframe (F:\egg\blackWhite\node_modules\egg-security\lib\middlewares\xframe.js:7:5)
    at async xssProtection (F:\egg\blackWhite\node_modules\egg-security\lib\middlewares\xssProtection.js:7:5)
    at async nosniff (F:\egg\blackWhite\node_modules\egg-security\lib\middlewares\nosniff.js:8:5)
    at async noopen (F:\egg\blackWhite\node_modules\egg-security\lib\middlewares\noopen.js:8:5)
    at async session (F:\egg\blackWhite\node_modules\koa-session\index.js:41:7)
    at async bodyParser (F:\egg\blackWhite\node_modules\koa-bodyparser\index.js:95:5)
headers: {"Access-Control-Allow-Origin":"*","vary":"Origin"}
pid: 16708
hostname: ABOUTNB

2021-09-06 03:31:35,922 ERROR 14104 [-/127.0.0.1/-/145ms POST /register] nodejs.TypeError: Cannot read property 'uname' of null
    at HomeController.postReg (F:\egg\blackWhite\app\controller\home.js:57:32)
    at processTicksAndRejections (internal/process/task_queues.js:95:5)
    at async anther (F:\egg\blackWhite\app\middleware\anther.js:4:9)
    at async F:\egg\blackWhite\node_modules\egg-development\app\middleware\egg_loader_trace.js:9:50
    at async xframe (F:\egg\blackWhite\node_modules\egg-security\lib\middlewares\xframe.js:7:5)
    at async xssProtection (F:\egg\blackWhite\node_modules\egg-security\lib\middlewares\xssProtection.js:7:5)
    at async nosniff (F:\egg\blackWhite\node_modules\egg-security\lib\middlewares\nosniff.js:8:5)
    at async noopen (F:\egg\blackWhite\node_modules\egg-security\lib\middlewares\noopen.js:8:5)
    at async session (F:\egg\blackWhite\node_modules\koa-session\index.js:41:7)
    at async bodyParser (F:\egg\blackWhite\node_modules\koa-bodyparser\index.js:95:5)
headers: {"Access-Control-Allow-Origin":"*","vary":"Origin"}
pid: 14104
hostname: ABOUTNB

2021-09-06 03:32:30,152 ERROR 13096 [-/127.0.0.1/-/187ms POST /register] nodejs.TypeError: Cannot read property 'uname' of null
    at HomeController.postReg (F:\egg\blackWhite\app\controller\home.js:58:32)
    at processTicksAndRejections (internal/process/task_queues.js:95:5)
    at async anther (F:\egg\blackWhite\app\middleware\anther.js:4:9)
    at async F:\egg\blackWhite\node_modules\egg-development\app\middleware\egg_loader_trace.js:9:50
    at async xframe (F:\egg\blackWhite\node_modules\egg-security\lib\middlewares\xframe.js:7:5)
    at async xssProtection (F:\egg\blackWhite\node_modules\egg-security\lib\middlewares\xssProtection.js:7:5)
    at async nosniff (F:\egg\blackWhite\node_modules\egg-security\lib\middlewares\nosniff.js:8:5)
    at async noopen (F:\egg\blackWhite\node_modules\egg-security\lib\middlewares\noopen.js:8:5)
    at async session (F:\egg\blackWhite\node_modules\koa-session\index.js:41:7)
    at async bodyParser (F:\egg\blackWhite\node_modules\koa-bodyparser\index.js:95:5)
headers: {"Access-Control-Allow-Origin":"*","vary":"Origin"}
pid: 13096
hostname: ABOUTNB

2021-09-06 03:33:40,856 ERROR 16700 [-/127.0.0.1/-/187ms POST /register] nodejs.TypeError: Cannot read property 'uname' of null
    at HomeController.postReg (F:\egg\blackWhite\app\controller\home.js:58:32)
    at processTicksAndRejections (internal/process/task_queues.js:95:5)
    at async anther (F:\egg\blackWhite\app\middleware\anther.js:4:9)
    at async F:\egg\blackWhite\node_modules\egg-development\app\middleware\egg_loader_trace.js:9:50
    at async xframe (F:\egg\blackWhite\node_modules\egg-security\lib\middlewares\xframe.js:7:5)
    at async xssProtection (F:\egg\blackWhite\node_modules\egg-security\lib\middlewares\xssProtection.js:7:5)
    at async nosniff (F:\egg\blackWhite\node_modules\egg-security\lib\middlewares\nosniff.js:8:5)
    at async noopen (F:\egg\blackWhite\node_modules\egg-security\lib\middlewares\noopen.js:8:5)
    at async session (F:\egg\blackWhite\node_modules\koa-session\index.js:41:7)
    at async bodyParser (F:\egg\blackWhite\node_modules\koa-bodyparser\index.js:95:5)
headers: {"Access-Control-Allow-Origin":"*","vary":"Origin"}
pid: 16700
hostname: ABOUTNB

2021-09-06 03:36:55,308 ERROR 3476 [-/127.0.0.1/-/158ms POST /register] nodejs.TypeError: Cannot read property 'uname' of null
    at HomeController.postReg (F:\egg\blackWhite\app\controller\home.js:58:32)
    at processTicksAndRejections (internal/process/task_queues.js:95:5)
    at async anther (F:\egg\blackWhite\app\middleware\anther.js:4:9)
    at async F:\egg\blackWhite\node_modules\egg-development\app\middleware\egg_loader_trace.js:9:50
    at async xframe (F:\egg\blackWhite\node_modules\egg-security\lib\middlewares\xframe.js:7:5)
    at async xssProtection (F:\egg\blackWhite\node_modules\egg-security\lib\middlewares\xssProtection.js:7:5)
    at async nosniff (F:\egg\blackWhite\node_modules\egg-security\lib\middlewares\nosniff.js:8:5)
    at async noopen (F:\egg\blackWhite\node_modules\egg-security\lib\middlewares\noopen.js:8:5)
    at async session (F:\egg\blackWhite\node_modules\koa-session\index.js:41:7)
    at async bodyParser (F:\egg\blackWhite\node_modules\koa-bodyparser\index.js:95:5)
headers: {"Access-Control-Allow-Origin":"*","vary":"Origin"}
pid: 3476
hostname: ABOUTNB

2021-09-06 03:38:15,148 ERROR 11096 [-/127.0.0.1/-/225ms POST /register] nodejs.TypeError: Cannot read property 'uname' of null
    at HomeController.postReg (F:\egg\blackWhite\app\controller\home.js:60:34)
    at processTicksAndRejections (internal/process/task_queues.js:95:5)
    at async anther (F:\egg\blackWhite\app\middleware\anther.js:4:9)
    at async F:\egg\blackWhite\node_modules\egg-development\app\middleware\egg_loader_trace.js:9:50
    at async xframe (F:\egg\blackWhite\node_modules\egg-security\lib\middlewares\xframe.js:7:5)
    at async xssProtection (F:\egg\blackWhite\node_modules\egg-security\lib\middlewares\xssProtection.js:7:5)
    at async nosniff (F:\egg\blackWhite\node_modules\egg-security\lib\middlewares\nosniff.js:8:5)
    at async noopen (F:\egg\blackWhite\node_modules\egg-security\lib\middlewares\noopen.js:8:5)
    at async session (F:\egg\blackWhite\node_modules\koa-session\index.js:41:7)
    at async bodyParser (F:\egg\blackWhite\node_modules\koa-bodyparser\index.js:95:5)
headers: {"Access-Control-Allow-Origin":"*","vary":"Origin"}
pid: 11096
hostname: ABOUTNB

2021-09-06 03:43:11,985 ERROR 15984 [-/127.0.0.1/-/235ms POST /register] nodejs.TypeError: Cannot read property 'uname' of null
    at HomeController.postReg (F:\egg\blackWhite\app\controller\home.js:60:25)
    at processTicksAndRejections (internal/process/task_queues.js:95:5)
    at async anther (F:\egg\blackWhite\app\middleware\anther.js:4:9)
    at async F:\egg\blackWhite\node_modules\egg-development\app\middleware\egg_loader_trace.js:9:50
    at async xframe (F:\egg\blackWhite\node_modules\egg-security\lib\middlewares\xframe.js:7:5)
    at async xssProtection (F:\egg\blackWhite\node_modules\egg-security\lib\middlewares\xssProtection.js:7:5)
    at async nosniff (F:\egg\blackWhite\node_modules\egg-security\lib\middlewares\nosniff.js:8:5)
    at async noopen (F:\egg\blackWhite\node_modules\egg-security\lib\middlewares\noopen.js:8:5)
    at async session (F:\egg\blackWhite\node_modules\koa-session\index.js:41:7)
    at async bodyParser (F:\egg\blackWhite\node_modules\koa-bodyparser\index.js:95:5)
headers: {"Access-Control-Allow-Origin":"*","vary":"Origin"}
pid: 15984
hostname: ABOUTNB

2021-09-06 03:50:52,476 ERROR 148 [-/127.0.0.1/-/104ms POST /register] nodejs.TypeError: Cannot read property 'oldUser' of undefined
    at HomeController.postReg (F:\egg\blackWhite\app\controller\home.js:60:17)
    at processTicksAndRejections (internal/process/task_queues.js:95:5)
    at async anther (F:\egg\blackWhite\app\middleware\anther.js:4:9)
    at async F:\egg\blackWhite\node_modules\egg-development\app\middleware\egg_loader_trace.js:9:50
    at async xframe (F:\egg\blackWhite\node_modules\egg-security\lib\middlewares\xframe.js:7:5)
    at async xssProtection (F:\egg\blackWhite\node_modules\egg-security\lib\middlewares\xssProtection.js:7:5)
    at async nosniff (F:\egg\blackWhite\node_modules\egg-security\lib\middlewares\nosniff.js:8:5)
    at async noopen (F:\egg\blackWhite\node_modules\egg-security\lib\middlewares\noopen.js:8:5)
    at async session (F:\egg\blackWhite\node_modules\koa-session\index.js:41:7)
    at async bodyParser (F:\egg\blackWhite\node_modules\koa-bodyparser\index.js:95:5)
headers: {"Access-Control-Allow-Origin":"*","vary":"Origin"}
pid: 148
hostname: ABOUTNB

2021-09-06 03:52:51,775 ERROR 14116 [-/127.0.0.1/-/100ms POST /register] nodejs.TypeError: Cannot read property 'oldUser' of undefined
    at HomeController.postReg (F:\egg\blackWhite\app\controller\home.js:60:17)
    at processTicksAndRejections (internal/process/task_queues.js:95:5)
    at async anther (F:\egg\blackWhite\app\middleware\anther.js:4:9)
    at async F:\egg\blackWhite\node_modules\egg-development\app\middleware\egg_loader_trace.js:9:50
    at async xframe (F:\egg\blackWhite\node_modules\egg-security\lib\middlewares\xframe.js:7:5)
    at async xssProtection (F:\egg\blackWhite\node_modules\egg-security\lib\middlewares\xssProtection.js:7:5)
    at async nosniff (F:\egg\blackWhite\node_modules\egg-security\lib\middlewares\nosniff.js:8:5)
    at async noopen (F:\egg\blackWhite\node_modules\egg-security\lib\middlewares\noopen.js:8:5)
    at async session (F:\egg\blackWhite\node_modules\koa-session\index.js:41:7)
    at async bodyParser (F:\egg\blackWhite\node_modules\koa-bodyparser\index.js:95:5)
headers: {"Access-Control-Allow-Origin":"*","vary":"Origin"}
pid: 14116
hostname: ABOUTNB

2021-09-06 03:55:05,864 ERROR 14380 [-/127.0.0.1/-/87ms POST /register] nodejs.TypeError: Cannot read property 'oldUser' of undefined
    at HomeController.postReg (F:\egg\blackWhite\app\controller\home.js:60:17)
    at processTicksAndRejections (internal/process/task_queues.js:95:5)
    at async anther (F:\egg\blackWhite\app\middleware\anther.js:4:9)
    at async F:\egg\blackWhite\node_modules\egg-development\app\middleware\egg_loader_trace.js:9:50
    at async xframe (F:\egg\blackWhite\node_modules\egg-security\lib\middlewares\xframe.js:7:5)
    at async xssProtection (F:\egg\blackWhite\node_modules\egg-security\lib\middlewares\xssProtection.js:7:5)
    at async nosniff (F:\egg\blackWhite\node_modules\egg-security\lib\middlewares\nosniff.js:8:5)
    at async noopen (F:\egg\blackWhite\node_modules\egg-security\lib\middlewares\noopen.js:8:5)
    at async session (F:\egg\blackWhite\node_modules\koa-session\index.js:41:7)
    at async bodyParser (F:\egg\blackWhite\node_modules\koa-bodyparser\index.js:95:5)
headers: {"Access-Control-Allow-Origin":"*","vary":"Origin"}
pid: 14380
hostname: ABOUTNB

2021-09-06 03:57:05,442 ERROR 11688 [-/127.0.0.1/-/84ms POST /register] nodejs.ReferenceError: result is not defined
    at UserService.userReg (F:\egg\blackWhite\app\service\user.js:49:17)
    at processTicksAndRejections (internal/process/task_queues.js:95:5)
    at async HomeController.postReg (F:\egg\blackWhite\app\controller\home.js:57:20)
    at async anther (F:\egg\blackWhite\app\middleware\anther.js:4:9)
    at async F:\egg\blackWhite\node_modules\egg-development\app\middleware\egg_loader_trace.js:9:50
    at async xframe (F:\egg\blackWhite\node_modules\egg-security\lib\middlewares\xframe.js:7:5)
    at async xssProtection (F:\egg\blackWhite\node_modules\egg-security\lib\middlewares\xssProtection.js:7:5)
    at async nosniff (F:\egg\blackWhite\node_modules\egg-security\lib\middlewares\nosniff.js:8:5)
    at async noopen (F:\egg\blackWhite\node_modules\egg-security\lib\middlewares\noopen.js:8:5)
    at async session (F:\egg\blackWhite\node_modules\koa-session\index.js:41:7)
headers: {"Access-Control-Allow-Origin":"*","vary":"Origin"}
pid: 11688
hostname: ABOUTNB

2021-09-06 03:58:29,323 ERROR 14576 [-/127.0.0.1/-/104ms POST /register] nodejs.ReferenceError: result is not defined
    at UserService.userReg (F:\egg\blackWhite\app\service\user.js:49:17)
    at processTicksAndRejections (internal/process/task_queues.js:95:5)
    at async HomeController.postReg (F:\egg\blackWhite\app\controller\home.js:57:20)
    at async anther (F:\egg\blackWhite\app\middleware\anther.js:4:9)
    at async F:\egg\blackWhite\node_modules\egg-development\app\middleware\egg_loader_trace.js:9:50
    at async xframe (F:\egg\blackWhite\node_modules\egg-security\lib\middlewares\xframe.js:7:5)
    at async xssProtection (F:\egg\blackWhite\node_modules\egg-security\lib\middlewares\xssProtection.js:7:5)
    at async nosniff (F:\egg\blackWhite\node_modules\egg-security\lib\middlewares\nosniff.js:8:5)
    at async noopen (F:\egg\blackWhite\node_modules\egg-security\lib\middlewares\noopen.js:8:5)
    at async session (F:\egg\blackWhite\node_modules\koa-session\index.js:41:7)
headers: {"Access-Control-Allow-Origin":"*","vary":"Origin"}
pid: 14576
hostname: ABOUTNB

2021-09-06 03:59:17,504 ERROR 7704 [-/127.0.0.1/-/107ms POST /register] nodejs.ReferenceError: result is not defined
    at UserService.userReg (F:\egg\blackWhite\app\service\user.js:49:17)
    at processTicksAndRejections (internal/process/task_queues.js:95:5)
    at async HomeController.postReg (F:\egg\blackWhite\app\controller\home.js:57:20)
    at async anther (F:\egg\blackWhite\app\middleware\anther.js:4:9)
    at async F:\egg\blackWhite\node_modules\egg-development\app\middleware\egg_loader_trace.js:9:50
    at async xframe (F:\egg\blackWhite\node_modules\egg-security\lib\middlewares\xframe.js:7:5)
    at async xssProtection (F:\egg\blackWhite\node_modules\egg-security\lib\middlewares\xssProtection.js:7:5)
    at async nosniff (F:\egg\blackWhite\node_modules\egg-security\lib\middlewares\nosniff.js:8:5)
    at async noopen (F:\egg\blackWhite\node_modules\egg-security\lib\middlewares\noopen.js:8:5)
    at async session (F:\egg\blackWhite\node_modules\koa-session\index.js:41:7)
headers: {"Access-Control-Allow-Origin":"*","vary":"Origin"}
pid: 7704
hostname: ABOUTNB

2021-09-06 04:00:55,744 ERROR 15984 [-/127.0.0.1/-/106ms POST /register] nodejs.ReferenceError: result is not defined
    at UserService.userReg (F:\egg\blackWhite\app\service\user.js:49:22)
    at processTicksAndRejections (internal/process/task_queues.js:95:5)
    at async HomeController.postReg (F:\egg\blackWhite\app\controller\home.js:57:20)
    at async anther (F:\egg\blackWhite\app\middleware\anther.js:4:9)
    at async F:\egg\blackWhite\node_modules\egg-development\app\middleware\egg_loader_trace.js:9:50
    at async xframe (F:\egg\blackWhite\node_modules\egg-security\lib\middlewares\xframe.js:7:5)
    at async xssProtection (F:\egg\blackWhite\node_modules\egg-security\lib\middlewares\xssProtection.js:7:5)
    at async nosniff (F:\egg\blackWhite\node_modules\egg-security\lib\middlewares\nosniff.js:8:5)
    at async noopen (F:\egg\blackWhite\node_modules\egg-security\lib\middlewares\noopen.js:8:5)
    at async session (F:\egg\blackWhite\node_modules\koa-session\index.js:41:7)
headers: {"Access-Control-Allow-Origin":"*","vary":"Origin"}
pid: 15984
hostname: ABOUTNB

2021-09-06 04:01:58,839 ERROR 14344 [-/127.0.0.1/-/115ms POST /register] nodejs.ReferenceError: result is not defined
    at UserService.userReg (F:\egg\blackWhite\app\service\user.js:49:22)
    at processTicksAndRejections (internal/process/task_queues.js:95:5)
    at async HomeController.postReg (F:\egg\blackWhite\app\controller\home.js:57:20)
    at async anther (F:\egg\blackWhite\app\middleware\anther.js:4:9)
    at async F:\egg\blackWhite\node_modules\egg-development\app\middleware\egg_loader_trace.js:9:50
    at async xframe (F:\egg\blackWhite\node_modules\egg-security\lib\middlewares\xframe.js:7:5)
    at async xssProtection (F:\egg\blackWhite\node_modules\egg-security\lib\middlewares\xssProtection.js:7:5)
    at async nosniff (F:\egg\blackWhite\node_modules\egg-security\lib\middlewares\nosniff.js:8:5)
    at async noopen (F:\egg\blackWhite\node_modules\egg-security\lib\middlewares\noopen.js:8:5)
    at async session (F:\egg\blackWhite\node_modules\koa-session\index.js:41:7)
headers: {"Access-Control-Allow-Origin":"*","vary":"Origin"}
pid: 14344
hostname: ABOUTNB

2021-09-06 04:03:56,480 ERROR 14344 [-/undefined/-/90ms POST /register] nodejs.ReferenceError: result is not defined
    at UserService.userReg (F:\egg\blackWhite\app\service\user.js:49:22)
    at processTicksAndRejections (internal/process/task_queues.js:95:5)
    at async HomeController.postReg (F:\egg\blackWhite\app\controller\home.js:57:20)
    at async anther (F:\egg\blackWhite\app\middleware\anther.js:4:9)
    at async F:\egg\blackWhite\node_modules\egg-development\app\middleware\egg_loader_trace.js:9:50
    at async xframe (F:\egg\blackWhite\node_modules\egg-security\lib\middlewares\xframe.js:7:5)
    at async xssProtection (F:\egg\blackWhite\node_modules\egg-security\lib\middlewares\xssProtection.js:7:5)
    at async nosniff (F:\egg\blackWhite\node_modules\egg-security\lib\middlewares\nosniff.js:8:5)
    at async noopen (F:\egg\blackWhite\node_modules\egg-security\lib\middlewares\noopen.js:8:5)
    at async session (F:\egg\blackWhite\node_modules\koa-session\index.js:41:7)
headers: {"Access-Control-Allow-Origin":"*","vary":"Origin"}
headerSent: true
pid: 14344
hostname: ABOUTNB

2021-09-06 04:24:41,208 ERROR 16548 [-/127.0.0.1/-/105ms POST /register] nodejs.TypeError: Cannot read property 'oldUser' of undefined
    at HomeController.postReg (F:\egg\blackWhite\app\controller\home.js:61:16)
    at processTicksAndRejections (internal/process/task_queues.js:95:5)
    at async errorHandler (F:\egg\blackWhite\app\middleware\error_handler.js:16:9)
    at async anther (F:\egg\blackWhite\app\middleware\anther.js:4:9)
    at async F:\egg\blackWhite\node_modules\egg-development\app\middleware\egg_loader_trace.js:9:50
    at async xframe (F:\egg\blackWhite\node_modules\egg-security\lib\middlewares\xframe.js:7:5)
    at async xssProtection (F:\egg\blackWhite\node_modules\egg-security\lib\middlewares\xssProtection.js:7:5)
    at async nosniff (F:\egg\blackWhite\node_modules\egg-security\lib\middlewares\nosniff.js:8:5)
    at async noopen (F:\egg\blackWhite\node_modules\egg-security\lib\middlewares\noopen.js:8:5)
    at async session (F:\egg\blackWhite\node_modules\koa-session\index.js:41:7)

pid: 16548
hostname: ABOUTNB

2021-09-06 21:36:36,049 ERROR 17228 [-/127.0.0.1/-/12ms POST /sendCode] nodejs.RangeError: toString() radix argument must be between 2 and 36
    at Number.toString (<anonymous>)
    at ToolService.sendMail (F:\egg\blackWhite\app\service\email.js:45:32)
    at EmailController.SendMail (F:\egg\blackWhite\app\controller\email.js:29:45)
    at Object.callFn (F:\egg\blackWhite\node_modules\egg-core\lib\utils\index.js:44:21)
    at Object.classControllerMiddleware (F:\egg\blackWhite\node_modules\egg-core\lib\loader\mixin\controller.js:87:20)
    at Object.callFn (F:\egg\blackWhite\node_modules\@eggjs\router\lib\utils.js:12:21)
    at wrappedController (F:\egg\blackWhite\node_modules\@eggjs\router\lib\egg_router.js:322:18)
    at dispatch (F:\egg\blackWhite\node_modules\koa-compose\index.js:44:32)
    at next (F:\egg\blackWhite\node_modules\koa-compose\index.js:45:18)
    at F:\egg\blackWhite\node_modules\@eggjs\router\lib\router.js:186:18

pid: 17228
hostname: ABOUTNB

2021-09-06 21:36:40,868 ERROR 17228 [-/127.0.0.1/-/2ms POST /sendCode] nodejs.RangeError: toString() radix argument must be between 2 and 36
    at Number.toString (<anonymous>)
    at ToolService.sendMail (F:\egg\blackWhite\app\service\email.js:45:32)
    at EmailController.SendMail (F:\egg\blackWhite\app\controller\email.js:29:45)
    at Object.callFn (F:\egg\blackWhite\node_modules\egg-core\lib\utils\index.js:44:21)
    at Object.classControllerMiddleware (F:\egg\blackWhite\node_modules\egg-core\lib\loader\mixin\controller.js:87:20)
    at Object.callFn (F:\egg\blackWhite\node_modules\@eggjs\router\lib\utils.js:12:21)
    at wrappedController (F:\egg\blackWhite\node_modules\@eggjs\router\lib\egg_router.js:322:18)
    at dispatch (F:\egg\blackWhite\node_modules\koa-compose\index.js:44:32)
    at next (F:\egg\blackWhite\node_modules\koa-compose\index.js:45:18)
    at F:\egg\blackWhite\node_modules\@eggjs\router\lib\router.js:186:18

pid: 17228
hostname: ABOUTNB

2021-09-06 21:36:49,149 ERROR 996 [-/127.0.0.1/-/16ms POST /sendCode] nodejs.RangeError: toString() radix argument must be between 2 and 36
    at Number.toString (<anonymous>)
    at ToolService.sendMail (F:\egg\blackWhite\app\service\email.js:45:32)
    at EmailController.SendMail (F:\egg\blackWhite\app\controller\email.js:29:45)
    at Object.callFn (F:\egg\blackWhite\node_modules\egg-core\lib\utils\index.js:44:21)
    at Object.classControllerMiddleware (F:\egg\blackWhite\node_modules\egg-core\lib\loader\mixin\controller.js:87:20)
    at Object.callFn (F:\egg\blackWhite\node_modules\@eggjs\router\lib\utils.js:12:21)
    at wrappedController (F:\egg\blackWhite\node_modules\@eggjs\router\lib\egg_router.js:322:18)
    at dispatch (F:\egg\blackWhite\node_modules\koa-compose\index.js:44:32)
    at next (F:\egg\blackWhite\node_modules\koa-compose\index.js:45:18)
    at F:\egg\blackWhite\node_modules\@eggjs\router\lib\router.js:186:18

pid: 996
hostname: ABOUTNB

2021-09-06 21:36:50,189 ERROR 996 [-/127.0.0.1/-/2ms POST /sendCode] nodejs.RangeError: toString() radix argument must be between 2 and 36
    at Number.toString (<anonymous>)
    at ToolService.sendMail (F:\egg\blackWhite\app\service\email.js:45:32)
    at EmailController.SendMail (F:\egg\blackWhite\app\controller\email.js:29:45)
    at Object.callFn (F:\egg\blackWhite\node_modules\egg-core\lib\utils\index.js:44:21)
    at Object.classControllerMiddleware (F:\egg\blackWhite\node_modules\egg-core\lib\loader\mixin\controller.js:87:20)
    at Object.callFn (F:\egg\blackWhite\node_modules\@eggjs\router\lib\utils.js:12:21)
    at wrappedController (F:\egg\blackWhite\node_modules\@eggjs\router\lib\egg_router.js:322:18)
    at dispatch (F:\egg\blackWhite\node_modules\koa-compose\index.js:44:32)
    at next (F:\egg\blackWhite\node_modules\koa-compose\index.js:45:18)
    at F:\egg\blackWhite\node_modules\@eggjs\router\lib\router.js:186:18

pid: 996
hostname: ABOUTNB

2021-09-06 21:36:51,115 ERROR 996 [-/127.0.0.1/-/1ms POST /sendCode] nodejs.RangeError: toString() radix argument must be between 2 and 36
    at Number.toString (<anonymous>)
    at ToolService.sendMail (F:\egg\blackWhite\app\service\email.js:45:32)
    at EmailController.SendMail (F:\egg\blackWhite\app\controller\email.js:29:45)
    at Object.callFn (F:\egg\blackWhite\node_modules\egg-core\lib\utils\index.js:44:21)
    at Object.classControllerMiddleware (F:\egg\blackWhite\node_modules\egg-core\lib\loader\mixin\controller.js:87:20)
    at Object.callFn (F:\egg\blackWhite\node_modules\@eggjs\router\lib\utils.js:12:21)
    at wrappedController (F:\egg\blackWhite\node_modules\@eggjs\router\lib\egg_router.js:322:18)
    at dispatch (F:\egg\blackWhite\node_modules\koa-compose\index.js:44:32)
    at next (F:\egg\blackWhite\node_modules\koa-compose\index.js:45:18)
    at F:\egg\blackWhite\node_modules\@eggjs\router\lib\router.js:186:18

pid: 996
hostname: ABOUTNB

2021-09-06 21:36:51,885 ERROR 996 [-/127.0.0.1/-/0ms POST /sendCode] nodejs.RangeError: toString() radix argument must be between 2 and 36
    at Number.toString (<anonymous>)
    at ToolService.sendMail (F:\egg\blackWhite\app\service\email.js:45:32)
    at EmailController.SendMail (F:\egg\blackWhite\app\controller\email.js:29:45)
    at Object.callFn (F:\egg\blackWhite\node_modules\egg-core\lib\utils\index.js:44:21)
    at Object.classControllerMiddleware (F:\egg\blackWhite\node_modules\egg-core\lib\loader\mixin\controller.js:87:20)
    at Object.callFn (F:\egg\blackWhite\node_modules\@eggjs\router\lib\utils.js:12:21)
    at wrappedController (F:\egg\blackWhite\node_modules\@eggjs\router\lib\egg_router.js:322:18)
    at dispatch (F:\egg\blackWhite\node_modules\koa-compose\index.js:44:32)
    at next (F:\egg\blackWhite\node_modules\koa-compose\index.js:45:18)
    at F:\egg\blackWhite\node_modules\@eggjs\router\lib\router.js:186:18

pid: 996
hostname: ABOUTNB

2021-09-06 21:36:52,584 ERROR 996 [-/127.0.0.1/-/1ms POST /sendCode] nodejs.RangeError: toString() radix argument must be between 2 and 36
    at Number.toString (<anonymous>)
    at ToolService.sendMail (F:\egg\blackWhite\app\service\email.js:45:32)
    at EmailController.SendMail (F:\egg\blackWhite\app\controller\email.js:29:45)
    at Object.callFn (F:\egg\blackWhite\node_modules\egg-core\lib\utils\index.js:44:21)
    at Object.classControllerMiddleware (F:\egg\blackWhite\node_modules\egg-core\lib\loader\mixin\controller.js:87:20)
    at Object.callFn (F:\egg\blackWhite\node_modules\@eggjs\router\lib\utils.js:12:21)
    at wrappedController (F:\egg\blackWhite\node_modules\@eggjs\router\lib\egg_router.js:322:18)
    at dispatch (F:\egg\blackWhite\node_modules\koa-compose\index.js:44:32)
    at next (F:\egg\blackWhite\node_modules\koa-compose\index.js:45:18)
    at F:\egg\blackWhite\node_modules\@eggjs\router\lib\router.js:186:18

pid: 996
hostname: ABOUTNB

2021-09-06 21:36:53,205 ERROR 996 [-/127.0.0.1/-/1ms POST /sendCode] nodejs.RangeError: toString() radix argument must be between 2 and 36
    at Number.toString (<anonymous>)
    at ToolService.sendMail (F:\egg\blackWhite\app\service\email.js:45:32)
    at EmailController.SendMail (F:\egg\blackWhite\app\controller\email.js:29:45)
    at Object.callFn (F:\egg\blackWhite\node_modules\egg-core\lib\utils\index.js:44:21)
    at Object.classControllerMiddleware (F:\egg\blackWhite\node_modules\egg-core\lib\loader\mixin\controller.js:87:20)
    at Object.callFn (F:\egg\blackWhite\node_modules\@eggjs\router\lib\utils.js:12:21)
    at wrappedController (F:\egg\blackWhite\node_modules\@eggjs\router\lib\egg_router.js:322:18)
    at dispatch (F:\egg\blackWhite\node_modules\koa-compose\index.js:44:32)
    at next (F:\egg\blackWhite\node_modules\koa-compose\index.js:45:18)
    at F:\egg\blackWhite\node_modules\@eggjs\router\lib\router.js:186:18

pid: 996
hostname: ABOUTNB

2021-09-06 21:36:53,391 ERROR 996 [-/127.0.0.1/-/1ms POST /sendCode] nodejs.RangeError: toString() radix argument must be between 2 and 36
    at Number.toString (<anonymous>)
    at ToolService.sendMail (F:\egg\blackWhite\app\service\email.js:45:32)
    at EmailController.SendMail (F:\egg\blackWhite\app\controller\email.js:29:45)
    at Object.callFn (F:\egg\blackWhite\node_modules\egg-core\lib\utils\index.js:44:21)
    at Object.classControllerMiddleware (F:\egg\blackWhite\node_modules\egg-core\lib\loader\mixin\controller.js:87:20)
    at Object.callFn (F:\egg\blackWhite\node_modules\@eggjs\router\lib\utils.js:12:21)
    at wrappedController (F:\egg\blackWhite\node_modules\@eggjs\router\lib\egg_router.js:322:18)
    at dispatch (F:\egg\blackWhite\node_modules\koa-compose\index.js:44:32)
    at next (F:\egg\blackWhite\node_modules\koa-compose\index.js:45:18)
    at F:\egg\blackWhite\node_modules\@eggjs\router\lib\router.js:186:18

pid: 996
hostname: ABOUTNB

2021-09-06 21:36:53,635 ERROR 996 [-/127.0.0.1/-/1ms POST /sendCode] nodejs.RangeError: toString() radix argument must be between 2 and 36
    at Number.toString (<anonymous>)
    at ToolService.sendMail (F:\egg\blackWhite\app\service\email.js:45:32)
    at EmailController.SendMail (F:\egg\blackWhite\app\controller\email.js:29:45)
    at Object.callFn (F:\egg\blackWhite\node_modules\egg-core\lib\utils\index.js:44:21)
    at Object.classControllerMiddleware (F:\egg\blackWhite\node_modules\egg-core\lib\loader\mixin\controller.js:87:20)
    at Object.callFn (F:\egg\blackWhite\node_modules\@eggjs\router\lib\utils.js:12:21)
    at wrappedController (F:\egg\blackWhite\node_modules\@eggjs\router\lib\egg_router.js:322:18)
    at dispatch (F:\egg\blackWhite\node_modules\koa-compose\index.js:44:32)
    at next (F:\egg\blackWhite\node_modules\koa-compose\index.js:45:18)
    at F:\egg\blackWhite\node_modules\@eggjs\router\lib\router.js:186:18

pid: 996
hostname: ABOUTNB

2021-09-06 21:36:53,837 ERROR 996 [-/127.0.0.1/-/0ms POST /sendCode] nodejs.RangeError: toString() radix argument must be between 2 and 36
    at Number.toString (<anonymous>)
    at ToolService.sendMail (F:\egg\blackWhite\app\service\email.js:45:32)
    at EmailController.SendMail (F:\egg\blackWhite\app\controller\email.js:29:45)
    at Object.callFn (F:\egg\blackWhite\node_modules\egg-core\lib\utils\index.js:44:21)
    at Object.classControllerMiddleware (F:\egg\blackWhite\node_modules\egg-core\lib\loader\mixin\controller.js:87:20)
    at Object.callFn (F:\egg\blackWhite\node_modules\@eggjs\router\lib\utils.js:12:21)
    at wrappedController (F:\egg\blackWhite\node_modules\@eggjs\router\lib\egg_router.js:322:18)
    at dispatch (F:\egg\blackWhite\node_modules\koa-compose\index.js:44:32)
    at next (F:\egg\blackWhite\node_modules\koa-compose\index.js:45:18)
    at F:\egg\blackWhite\node_modules\@eggjs\router\lib\router.js:186:18

pid: 996
hostname: ABOUTNB

2021-09-06 21:36:54,071 ERROR 996 [-/127.0.0.1/-/0ms POST /sendCode] nodejs.RangeError: toString() radix argument must be between 2 and 36
    at Number.toString (<anonymous>)
    at ToolService.sendMail (F:\egg\blackWhite\app\service\email.js:45:32)
    at EmailController.SendMail (F:\egg\blackWhite\app\controller\email.js:29:45)
    at Object.callFn (F:\egg\blackWhite\node_modules\egg-core\lib\utils\index.js:44:21)
    at Object.classControllerMiddleware (F:\egg\blackWhite\node_modules\egg-core\lib\loader\mixin\controller.js:87:20)
    at Object.callFn (F:\egg\blackWhite\node_modules\@eggjs\router\lib\utils.js:12:21)
    at wrappedController (F:\egg\blackWhite\node_modules\@eggjs\router\lib\egg_router.js:322:18)
    at dispatch (F:\egg\blackWhite\node_modules\koa-compose\index.js:44:32)
    at next (F:\egg\blackWhite\node_modules\koa-compose\index.js:45:18)
    at F:\egg\blackWhite\node_modules\@eggjs\router\lib\router.js:186:18

pid: 996
hostname: ABOUTNB

2021-09-06 21:36:54,352 ERROR 996 [-/127.0.0.1/-/0ms POST /sendCode] nodejs.RangeError: toString() radix argument must be between 2 and 36
    at Number.toString (<anonymous>)
    at ToolService.sendMail (F:\egg\blackWhite\app\service\email.js:45:32)
    at EmailController.SendMail (F:\egg\blackWhite\app\controller\email.js:29:45)
    at Object.callFn (F:\egg\blackWhite\node_modules\egg-core\lib\utils\index.js:44:21)
    at Object.classControllerMiddleware (F:\egg\blackWhite\node_modules\egg-core\lib\loader\mixin\controller.js:87:20)
    at Object.callFn (F:\egg\blackWhite\node_modules\@eggjs\router\lib\utils.js:12:21)
    at wrappedController (F:\egg\blackWhite\node_modules\@eggjs\router\lib\egg_router.js:322:18)
    at dispatch (F:\egg\blackWhite\node_modules\koa-compose\index.js:44:32)
    at next (F:\egg\blackWhite\node_modules\koa-compose\index.js:45:18)
    at F:\egg\blackWhite\node_modules\@eggjs\router\lib\router.js:186:18

pid: 996
hostname: ABOUTNB

2021-09-06 23:20:56,753 ERROR 13988 [-/127.0.0.1/-/184ms POST /register] nodejs.ER_BAD_NULL_ERRORError: ER_BAD_NULL_ERROR: Column 'uemail' cannot be null
    at Query.Sequence._packetToError (F:\egg\blackWhite\node_modules\mysql\lib\protocol\sequences\Sequence.js:47:14)
    at Query.ErrorPacket (F:\egg\blackWhite\node_modules\mysql\lib\protocol\sequences\Query.js:79:18)
    at Protocol._parsePacket (F:\egg\blackWhite\node_modules\mysql\lib\protocol\Protocol.js:291:23)
    at Parser._parsePacket (F:\egg\blackWhite\node_modules\mysql\lib\protocol\Parser.js:433:10)
    at Parser.write (F:\egg\blackWhite\node_modules\mysql\lib\protocol\Parser.js:43:10)
    at Protocol.write (F:\egg\blackWhite\node_modules\mysql\lib\protocol\Protocol.js:38:16)
    at Socket.<anonymous> (F:\egg\blackWhite\node_modules\mysql\lib\Connection.js:88:28)
    at Socket.<anonymous> (F:\egg\blackWhite\node_modules\mysql\lib\Connection.js:526:10)
    at Socket.emit (events.js:400:28)
    at addChunk (internal/streams/readable.js:290:12)
    --------------------
    at Pool.query (F:\egg\blackWhite\node_modules\mysql\lib\Pool.js:199:23)
    at F:\egg\blackWhite\node_modules\ali-rds\node_modules\pify\index.js:29:7
    at new Promise (<anonymous>)
    at Pool.<anonymous> (F:\egg\blackWhite\node_modules\ali-rds\node_modules\pify\index.js:12:10)
    at Pool.ret [as query] (F:\egg\blackWhite\node_modules\ali-rds\node_modules\pify\index.js:56:34)
    at RDSClient.proto._query (F:\egg\blackWhite\node_modules\ali-rds\lib\client.js:38:20)
    at RDSClient.proto.query (F:\egg\blackWhite\node_modules\ali-rds\lib\operator.js:54:29)
    at proto.query.next (<anonymous>)
    at onFulfilled (F:\egg\blackWhite\node_modules\co\index.js:65:19)
    at F:\egg\blackWhite\node_modules\co\index.js:54:5
    sql: INSERT INTO `user`(`uname`, `upwd`, `uemail`) VALUES('test11', '4061863caf7f28c0b0346719e764d561', NULL)
code: "ER_BAD_NULL_ERROR"
errno: 1048
sqlMessage: "Column 'uemail' cannot be null"
sqlState: "23000"
index: 0
sql: "INSERT INTO `user`(`uname`, `upwd`, `uemail`) VALUES('test11', '4061863caf7f28c0b0346719e764d561', NULL)"
name: "ER_BAD_NULL_ERRORError"
pid: 13988
hostname: ABOUTNB

2021-09-06 23:34:53,616 ERROR 13848 [-/127.0.0.1/-/122ms POST /register] nodejs.TypeError: Cannot read property 'uname' of null
    at UserService.userReg (F:\egg\blackWhite\app\service\user.js:46:18)
    at processTicksAndRejections (internal/process/task_queues.js:95:5)
    at async HomeController.postReg (F:\egg\blackWhite\app\controller\home.js:56:20)
    at async errorHandler (F:\egg\blackWhite\app\middleware\error_handler.js:16:9)
    at async anther (F:\egg\blackWhite\app\middleware\anther.js:4:9)
    at async F:\egg\blackWhite\node_modules\egg-development\app\middleware\egg_loader_trace.js:9:50
    at async xframe (F:\egg\blackWhite\node_modules\egg-security\lib\middlewares\xframe.js:7:5)
    at async xssProtection (F:\egg\blackWhite\node_modules\egg-security\lib\middlewares\xssProtection.js:7:5)
    at async nosniff (F:\egg\blackWhite\node_modules\egg-security\lib\middlewares\nosniff.js:8:5)
    at async noopen (F:\egg\blackWhite\node_modules\egg-security\lib\middlewares\noopen.js:8:5)

pid: 13848
hostname: ABOUTNB

2021-09-07 01:11:16,963 ERROR 14316 [-/127.0.0.1/-/16ms POST /register] nodejs.TypeError: ctx.service.user.getEmail is not a function
    at HomeController.postReg (F:\egg\blackWhite\app\controller\home.js:57:46)
    at Object.callFn (F:\egg\blackWhite\node_modules\egg-core\lib\utils\index.js:44:21)
    at Object.classControllerMiddleware (F:\egg\blackWhite\node_modules\egg-core\lib\loader\mixin\controller.js:87:20)
    at Object.callFn (F:\egg\blackWhite\node_modules\@eggjs\router\lib\utils.js:12:21)
    at wrappedController (F:\egg\blackWhite\node_modules\@eggjs\router\lib\egg_router.js:322:18)
    at dispatch (F:\egg\blackWhite\node_modules\koa-compose\index.js:44:32)
    at next (F:\egg\blackWhite\node_modules\koa-compose\index.js:45:18)
    at F:\egg\blackWhite\node_modules\@eggjs\router\lib\router.js:186:18
    at dispatch (F:\egg\blackWhite\node_modules\koa-compose\index.js:44:32)
    at F:\egg\blackWhite\node_modules\koa-compose\index.js:36:12

pid: 14316
hostname: ABOUTNB

2021-09-07 01:11:18,387 ERROR 14316 [-/127.0.0.1/-/1ms POST /register] nodejs.TypeError: ctx.service.user.getEmail is not a function
    at HomeController.postReg (F:\egg\blackWhite\app\controller\home.js:57:46)
    at Object.callFn (F:\egg\blackWhite\node_modules\egg-core\lib\utils\index.js:44:21)
    at Object.classControllerMiddleware (F:\egg\blackWhite\node_modules\egg-core\lib\loader\mixin\controller.js:87:20)
    at Object.callFn (F:\egg\blackWhite\node_modules\@eggjs\router\lib\utils.js:12:21)
    at wrappedController (F:\egg\blackWhite\node_modules\@eggjs\router\lib\egg_router.js:322:18)
    at dispatch (F:\egg\blackWhite\node_modules\koa-compose\index.js:44:32)
    at next (F:\egg\blackWhite\node_modules\koa-compose\index.js:45:18)
    at F:\egg\blackWhite\node_modules\@eggjs\router\lib\router.js:186:18
    at dispatch (F:\egg\blackWhite\node_modules\koa-compose\index.js:44:32)
    at F:\egg\blackWhite\node_modules\koa-compose\index.js:36:12

pid: 14316
hostname: ABOUTNB

2021-09-07 01:11:39,861 ERROR 13280 [-/127.0.0.1/-/352ms POST /register] nodejs.ReferenceError: resUemail is not defined
    at HomeController.postReg (F:\egg\blackWhite\app\controller\home.js:59:17)
    at processTicksAndRejections (internal/process/task_queues.js:95:5)
    at async errorHandler (F:\egg\blackWhite\app\middleware\error_handler.js:16:9)
    at async anther (F:\egg\blackWhite\app\middleware\anther.js:4:9)
    at async F:\egg\blackWhite\node_modules\egg-development\app\middleware\egg_loader_trace.js:9:50
    at async xframe (F:\egg\blackWhite\node_modules\egg-security\lib\middlewares\xframe.js:7:5)
    at async xssProtection (F:\egg\blackWhite\node_modules\egg-security\lib\middlewares\xssProtection.js:7:5)
    at async nosniff (F:\egg\blackWhite\node_modules\egg-security\lib\middlewares\nosniff.js:8:5)
    at async noopen (F:\egg\blackWhite\node_modules\egg-security\lib\middlewares\noopen.js:8:5)
    at async session (F:\egg\blackWhite\node_modules\koa-session\index.js:41:7)

pid: 13280
hostname: ABOUTNB

2021-09-07 01:45:50,326 ERROR 16076 [-/127.0.0.1/-/92ms POST /register] nodejs.ReferenceError: email is not defined
    at UserService.userReg (F:\egg\blackWhite\app\service\user.js:52:46)
    at processTicksAndRejections (internal/process/task_queues.js:95:5)
    at async HomeController.postReg (F:\egg\blackWhite\app\controller\home.js:58:22)
    at async errorHandler (F:\egg\blackWhite\app\middleware\error_handler.js:16:9)
    at async anther (F:\egg\blackWhite\app\middleware\anther.js:4:9)
    at async F:\egg\blackWhite\node_modules\egg-development\app\middleware\egg_loader_trace.js:9:50
    at async xframe (F:\egg\blackWhite\node_modules\egg-security\lib\middlewares\xframe.js:7:5)
    at async xssProtection (F:\egg\blackWhite\node_modules\egg-security\lib\middlewares\xssProtection.js:7:5)
    at async nosniff (F:\egg\blackWhite\node_modules\egg-security\lib\middlewares\nosniff.js:8:5)
    at async noopen (F:\egg\blackWhite\node_modules\egg-security\lib\middlewares\noopen.js:8:5)

pid: 16076
hostname: ABOUTNB

2021-09-07 01:45:56,844 ERROR 16076 [-/127.0.0.1/-/93ms POST /register] nodejs.ReferenceError: email is not defined
    at UserService.userReg (F:\egg\blackWhite\app\service\user.js:52:46)
    at processTicksAndRejections (internal/process/task_queues.js:95:5)
    at async HomeController.postReg (F:\egg\blackWhite\app\controller\home.js:58:22)
    at async errorHandler (F:\egg\blackWhite\app\middleware\error_handler.js:16:9)
    at async anther (F:\egg\blackWhite\app\middleware\anther.js:4:9)
    at async F:\egg\blackWhite\node_modules\egg-development\app\middleware\egg_loader_trace.js:9:50
    at async xframe (F:\egg\blackWhite\node_modules\egg-security\lib\middlewares\xframe.js:7:5)
    at async xssProtection (F:\egg\blackWhite\node_modules\egg-security\lib\middlewares\xssProtection.js:7:5)
    at async nosniff (F:\egg\blackWhite\node_modules\egg-security\lib\middlewares\nosniff.js:8:5)
    at async noopen (F:\egg\blackWhite\node_modules\egg-security\lib\middlewares\noopen.js:8:5)

pid: 16076
hostname: ABOUTNB

2021-09-07 02:28:03,778 ERROR 15852 [-/127.0.0.1/-/183ms POST /register] nodejs.ReferenceError: cookiesCode is not defined
    at HomeController.postReg (F:\egg\blackWhite\app\controller\home.js:59:34)
    at processTicksAndRejections (internal/process/task_queues.js:95:5)
    at async errorHandler (F:\egg\blackWhite\app\middleware\error_handler.js:16:9)
    at async anther (F:\egg\blackWhite\app\middleware\anther.js:4:9)
    at async F:\egg\blackWhite\node_modules\egg-development\app\middleware\egg_loader_trace.js:9:50
    at async xframe (F:\egg\blackWhite\node_modules\egg-security\lib\middlewares\xframe.js:7:5)
    at async xssProtection (F:\egg\blackWhite\node_modules\egg-security\lib\middlewares\xssProtection.js:7:5)
    at async nosniff (F:\egg\blackWhite\node_modules\egg-security\lib\middlewares\nosniff.js:8:5)
    at async noopen (F:\egg\blackWhite\node_modules\egg-security\lib\middlewares\noopen.js:8:5)
    at async session (F:\egg\blackWhite\node_modules\koa-session\index.js:41:7)

pid: 15852
hostname: ABOUTNB

2021-09-07 03:27:27,217 ERROR 15624 [-/127.0.0.1/-/144ms POST /register] nodejs.ReferenceError: email is not defined
    at UserService.userReg (F:\egg\blackWhite\app\service\user.js:64:30)
    at processTicksAndRejections (internal/process/task_queues.js:95:5)
    at async HomeController.postReg (F:\egg\blackWhite\app\controller\home.js:58:22)
    at async errorHandler (F:\egg\blackWhite\app\middleware\error_handler.js:16:9)
    at async anther (F:\egg\blackWhite\app\middleware\anther.js:4:9)
    at async F:\egg\blackWhite\node_modules\egg-development\app\middleware\egg_loader_trace.js:9:50
    at async xframe (F:\egg\blackWhite\node_modules\egg-security\lib\middlewares\xframe.js:7:5)
    at async xssProtection (F:\egg\blackWhite\node_modules\egg-security\lib\middlewares\xssProtection.js:7:5)
    at async nosniff (F:\egg\blackWhite\node_modules\egg-security\lib\middlewares\nosniff.js:8:5)
    at async noopen (F:\egg\blackWhite\node_modules\egg-security\lib\middlewares\noopen.js:8:5)

pid: 15624
hostname: ABOUTNB

2021-09-07 13:47:32,506 ERROR 19832 [-/127.0.0.1/-/12ms POST /sendCode] nodejs.ReferenceError: html is not defined
    at ToolService.sendMail (F:\egg\blackWhite\app\service\email.js:78:9)
    at EmailController.SendMail (F:\egg\blackWhite\app\controller\email.js:30:45)
    at Object.callFn (F:\egg\blackWhite\node_modules\egg-core\lib\utils\index.js:44:21)
    at Object.classControllerMiddleware (F:\egg\blackWhite\node_modules\egg-core\lib\loader\mixin\controller.js:87:20)
    at Object.callFn (F:\egg\blackWhite\node_modules\@eggjs\router\lib\utils.js:12:21)
    at wrappedController (F:\egg\blackWhite\node_modules\@eggjs\router\lib\egg_router.js:322:18)
    at dispatch (F:\egg\blackWhite\node_modules\koa-compose\index.js:44:32)
    at next (F:\egg\blackWhite\node_modules\koa-compose\index.js:45:18)
    at F:\egg\blackWhite\node_modules\@eggjs\router\lib\router.js:186:18
    at dispatch (F:\egg\blackWhite\node_modules\koa-compose\index.js:44:32)

pid: 19832
hostname: ABOUTNB

2021-09-07 15:07:15,815 ERROR 14988 [-/127.0.0.1/-/12ms POST /sendcode] nodejs.ReferenceError: uemail is not defined
    at EmailController.SendMail (F:\egg\blackWhite\app\controller\email.js:31:12)
    at Object.callFn (F:\egg\blackWhite\node_modules\egg-core\lib\utils\index.js:44:21)
    at Object.classControllerMiddleware (F:\egg\blackWhite\node_modules\egg-core\lib\loader\mixin\controller.js:87:20)
    at Object.callFn (F:\egg\blackWhite\node_modules\@eggjs\router\lib\utils.js:12:21)
    at wrappedController (F:\egg\blackWhite\node_modules\@eggjs\router\lib\egg_router.js:322:18)
    at dispatch (F:\egg\blackWhite\node_modules\koa-compose\index.js:44:32)
    at next (F:\egg\blackWhite\node_modules\koa-compose\index.js:45:18)
    at F:\egg\blackWhite\node_modules\@eggjs\router\lib\router.js:186:18
    at dispatch (F:\egg\blackWhite\node_modules\koa-compose\index.js:44:32)
    at F:\egg\blackWhite\node_modules\koa-compose\index.js:36:12

pid: 14988
hostname: ABOUTNB

2021-09-08 00:15:51,816 ERROR 1480 [-/127.0.0.1/-/120ms POST /waresInsert] nodejs.ER_NO_REFERENCED_ROW_2Error: ER_NO_REFERENCED_ROW_2: Cannot add or update a child row: a foreign key constraint fails (`blackwhite`.`wares`, CONSTRAINT `classify_id` FOREIGN KEY (`classify_id`) REFERENCES `classify` (`classify_id`))
    at Query.Sequence._packetToError (F:\egg\blackWhite\node_modules\mysql\lib\protocol\sequences\Sequence.js:47:14)
    at Query.ErrorPacket (F:\egg\blackWhite\node_modules\mysql\lib\protocol\sequences\Query.js:79:18)
    at Protocol._parsePacket (F:\egg\blackWhite\node_modules\mysql\lib\protocol\Protocol.js:291:23)
    at Parser._parsePacket (F:\egg\blackWhite\node_modules\mysql\lib\protocol\Parser.js:433:10)
    at Parser.write (F:\egg\blackWhite\node_modules\mysql\lib\protocol\Parser.js:43:10)
    at Protocol.write (F:\egg\blackWhite\node_modules\mysql\lib\protocol\Protocol.js:38:16)
    at Socket.<anonymous> (F:\egg\blackWhite\node_modules\mysql\lib\Connection.js:88:28)
    at Socket.<anonymous> (F:\egg\blackWhite\node_modules\mysql\lib\Connection.js:526:10)
    at Socket.emit (events.js:400:28)
    at addChunk (internal/streams/readable.js:290:12)
    --------------------
    at Pool.query (F:\egg\blackWhite\node_modules\mysql\lib\Pool.js:199:23)
    at F:\egg\blackWhite\node_modules\ali-rds\node_modules\pify\index.js:29:7
    at new Promise (<anonymous>)
    at Pool.<anonymous> (F:\egg\blackWhite\node_modules\ali-rds\node_modules\pify\index.js:12:10)
    at Pool.ret [as query] (F:\egg\blackWhite\node_modules\ali-rds\node_modules\pify\index.js:56:34)
    at RDSClient.proto._query (F:\egg\blackWhite\node_modules\ali-rds\lib\client.js:38:20)
    at RDSClient.proto.query (F:\egg\blackWhite\node_modules\ali-rds\lib\operator.js:54:29)
    at proto.query.next (<anonymous>)
    at onFulfilled (F:\egg\blackWhite\node_modules\co\index.js:65:19)
    at F:\egg\blackWhite\node_modules\co\index.js:54:5
    sql: INSERT INTO `wares`(`wares_name`, `wares_cover`, `wares_title`, `wares_introduction`) VALUES('名称', '图片', '标题', '简介')
code: "ER_NO_REFERENCED_ROW_2"
errno: 1452
sqlMessage: "Cannot add or update a child row: a foreign key constraint fails (`blackwhite`.`wares`, CONSTRAINT `classify_id` FOREIGN KEY (`classify_id`) REFERENCES `classify` (`classify_id`))"
sqlState: "23000"
index: 0
sql: "INSERT INTO `wares`(`wares_name`, `wares_cover`, `wares_title`, `wares_introduction`) VALUES('名称', '图片', '标题', '简介')"
name: "ER_NO_REFERENCED_ROW_2Error"
pid: 1480
hostname: ABOUTNB

2021-09-08 00:56:56,142 ERROR 11324 [-/127.0.0.1/-/128ms POST /waresdelete] nodejs.ReferenceError: ctx is not defined
    at wController.waresDelete (F:\egg\blackWhite\app\service\wares.js:52:11)
    at processTicksAndRejections (internal/process/task_queues.js:95:5)
    at async WaresController.postWaresDelete (F:\egg\blackWhite\app\controller\wares.js:24:20)
    at async errorHandler (F:\egg\blackWhite\app\middleware\error_handler.js:16:9)
    at async anther (F:\egg\blackWhite\app\middleware\anther.js:4:9)
    at async F:\egg\blackWhite\node_modules\egg-development\app\middleware\egg_loader_trace.js:9:50
    at async xframe (F:\egg\blackWhite\node_modules\egg-security\lib\middlewares\xframe.js:7:5)
    at async xssProtection (F:\egg\blackWhite\node_modules\egg-security\lib\middlewares\xssProtection.js:7:5)
    at async nosniff (F:\egg\blackWhite\node_modules\egg-security\lib\middlewares\nosniff.js:8:5)
    at async noopen (F:\egg\blackWhite\node_modules\egg-security\lib\middlewares\noopen.js:8:5)

pid: 11324
hostname: ABOUTNB

2021-09-08 02:06:33,150 ERROR 11796 [-/127.0.0.1/-/122ms POST /waresselect] nodejs.ReferenceError: ctx is not defined
    at wController.waresSelect (F:\egg\blackWhite\app\service\wares.js:145:13)
    at processTicksAndRejections (internal/process/task_queues.js:95:5)
    at async WaresController.postWaresSelect (F:\egg\blackWhite\app\controller\wares.js:49:24)
    at async errorHandler (F:\egg\blackWhite\app\middleware\error_handler.js:16:9)
    at async anther (F:\egg\blackWhite\app\middleware\anther.js:4:9)
    at async F:\egg\blackWhite\node_modules\egg-development\app\middleware\egg_loader_trace.js:9:50
    at async xframe (F:\egg\blackWhite\node_modules\egg-security\lib\middlewares\xframe.js:7:5)
    at async xssProtection (F:\egg\blackWhite\node_modules\egg-security\lib\middlewares\xssProtection.js:7:5)
    at async nosniff (F:\egg\blackWhite\node_modules\egg-security\lib\middlewares\nosniff.js:8:5)
    at async noopen (F:\egg\blackWhite\node_modules\egg-security\lib\middlewares\noopen.js:8:5)

pid: 11796
hostname: ABOUTNB

2021-09-08 02:07:03,615 ERROR 12516 [-/127.0.0.1/-/123ms POST /waresselect] nodejs.ReferenceError: ctx is not defined
    at wController.waresSelect (F:\egg\blackWhite\app\service\wares.js:145:13)
    at processTicksAndRejections (internal/process/task_queues.js:95:5)
    at async WaresController.postWaresSelect (F:\egg\blackWhite\app\controller\wares.js:50:24)
    at async errorHandler (F:\egg\blackWhite\app\middleware\error_handler.js:16:9)
    at async anther (F:\egg\blackWhite\app\middleware\anther.js:4:9)
    at async F:\egg\blackWhite\node_modules\egg-development\app\middleware\egg_loader_trace.js:9:50
    at async xframe (F:\egg\blackWhite\node_modules\egg-security\lib\middlewares\xframe.js:7:5)
    at async xssProtection (F:\egg\blackWhite\node_modules\egg-security\lib\middlewares\xssProtection.js:7:5)
    at async nosniff (F:\egg\blackWhite\node_modules\egg-security\lib\middlewares\nosniff.js:8:5)
    at async noopen (F:\egg\blackWhite\node_modules\egg-security\lib\middlewares\noopen.js:8:5)

pid: 12516
hostname: ABOUTNB

2021-09-08 02:18:44,011 ERROR 8556 [-/127.0.0.1/-/109ms POST /waresselect] nodejs.ER_PARSE_ERRORError: ER_PARSE_ERROR: You have an error in your SQL syntax; check the manual that corresponds to your MySQL server version for the right syntax to use near 'wares' at line 1
    at Query.Sequence._packetToError (F:\egg\blackWhite\node_modules\mysql\lib\protocol\sequences\Sequence.js:47:14)
    at Query.ErrorPacket (F:\egg\blackWhite\node_modules\mysql\lib\protocol\sequences\Query.js:79:18)
    at Protocol._parsePacket (F:\egg\blackWhite\node_modules\mysql\lib\protocol\Protocol.js:291:23)
    at Parser._parsePacket (F:\egg\blackWhite\node_modules\mysql\lib\protocol\Parser.js:433:10)
    at Parser.write (F:\egg\blackWhite\node_modules\mysql\lib\protocol\Parser.js:43:10)
    at Protocol.write (F:\egg\blackWhite\node_modules\mysql\lib\protocol\Protocol.js:38:16)
    at Socket.<anonymous> (F:\egg\blackWhite\node_modules\mysql\lib\Connection.js:88:28)
    at Socket.<anonymous> (F:\egg\blackWhite\node_modules\mysql\lib\Connection.js:526:10)
    at Socket.emit (events.js:400:28)
    at addChunk (internal/streams/readable.js:290:12)
    --------------------
    at Pool.query (F:\egg\blackWhite\node_modules\mysql\lib\Pool.js:199:23)
    at F:\egg\blackWhite\node_modules\ali-rds\node_modules\pify\index.js:29:7
    at new Promise (<anonymous>)
    at Pool.<anonymous> (F:\egg\blackWhite\node_modules\ali-rds\node_modules\pify\index.js:12:10)
    at Pool.ret [as query] (F:\egg\blackWhite\node_modules\ali-rds\node_modules\pify\index.js:56:34)
    at RDSClient.proto._query (F:\egg\blackWhite\node_modules\ali-rds\lib\client.js:38:20)
    at RDSClient.proto.query (F:\egg\blackWhite\node_modules\ali-rds\lib\operator.js:54:29)
    at proto.query.next (<anonymous>)
    at onFulfilled (F:\egg\blackWhite\node_modules\co\index.js:65:19)
    at F:\egg\blackWhite\node_modules\co\index.js:54:5
    sql: wares
code: "ER_PARSE_ERROR"
errno: 1064
sqlMessage: "You have an error in your SQL syntax; check the manual that corresponds to your MySQL server version for the right syntax to use near 'wares' at line 1"
sqlState: "42000"
index: 0
sql: "wares"
name: "ER_PARSE_ERRORError"
pid: 8556
hostname: ABOUTNB

2021-09-08 02:20:59,825 ERROR 14132 [-/127.0.0.1/-/109ms POST /waresselect] nodejs.ER_PARSE_ERRORError: ER_PARSE_ERROR: You have an error in your SQL syntax; check the manual that corresponds to your MySQL server version for the right syntax to use near 'wares' at line 1
    at Query.Sequence._packetToError (F:\egg\blackWhite\node_modules\mysql\lib\protocol\sequences\Sequence.js:47:14)
    at Query.ErrorPacket (F:\egg\blackWhite\node_modules\mysql\lib\protocol\sequences\Query.js:79:18)
    at Protocol._parsePacket (F:\egg\blackWhite\node_modules\mysql\lib\protocol\Protocol.js:291:23)
    at Parser._parsePacket (F:\egg\blackWhite\node_modules\mysql\lib\protocol\Parser.js:433:10)
    at Parser.write (F:\egg\blackWhite\node_modules\mysql\lib\protocol\Parser.js:43:10)
    at Protocol.write (F:\egg\blackWhite\node_modules\mysql\lib\protocol\Protocol.js:38:16)
    at Socket.<anonymous> (F:\egg\blackWhite\node_modules\mysql\lib\Connection.js:88:28)
    at Socket.<anonymous> (F:\egg\blackWhite\node_modules\mysql\lib\Connection.js:526:10)
    at Socket.emit (events.js:400:28)
    at addChunk (internal/streams/readable.js:290:12)
    --------------------
    at Pool.query (F:\egg\blackWhite\node_modules\mysql\lib\Pool.js:199:23)
    at F:\egg\blackWhite\node_modules\ali-rds\node_modules\pify\index.js:29:7
    at new Promise (<anonymous>)
    at Pool.<anonymous> (F:\egg\blackWhite\node_modules\ali-rds\node_modules\pify\index.js:12:10)
    at Pool.ret [as query] (F:\egg\blackWhite\node_modules\ali-rds\node_modules\pify\index.js:56:34)
    at RDSClient.proto._query (F:\egg\blackWhite\node_modules\ali-rds\lib\client.js:38:20)
    at RDSClient.proto.query (F:\egg\blackWhite\node_modules\ali-rds\lib\operator.js:54:29)
    at proto.query.next (<anonymous>)
    at onFulfilled (F:\egg\blackWhite\node_modules\co\index.js:65:19)
    at F:\egg\blackWhite\node_modules\co\index.js:54:5
    sql: wares
code: "ER_PARSE_ERROR"
errno: 1064
sqlMessage: "You have an error in your SQL syntax; check the manual that corresponds to your MySQL server version for the right syntax to use near 'wares' at line 1"
sqlState: "42000"
index: 0
sql: "wares"
name: "ER_PARSE_ERRORError"
pid: 14132
hostname: ABOUTNB

2021-09-08 02:24:32,669 ERROR 13728 [-/127.0.0.1/-/106ms POST /waresselect] nodejs.ER_PARSE_ERRORError: ER_PARSE_ERROR: You have an error in your SQL syntax; check the manual that corresponds to your MySQL server version for the right syntax to use near 'wares' at line 1
    at Query.Sequence._packetToError (F:\egg\blackWhite\node_modules\mysql\lib\protocol\sequences\Sequence.js:47:14)
    at Query.ErrorPacket (F:\egg\blackWhite\node_modules\mysql\lib\protocol\sequences\Query.js:79:18)
    at Protocol._parsePacket (F:\egg\blackWhite\node_modules\mysql\lib\protocol\Protocol.js:291:23)
    at Parser._parsePacket (F:\egg\blackWhite\node_modules\mysql\lib\protocol\Parser.js:433:10)
    at Parser.write (F:\egg\blackWhite\node_modules\mysql\lib\protocol\Parser.js:43:10)
    at Protocol.write (F:\egg\blackWhite\node_modules\mysql\lib\protocol\Protocol.js:38:16)
    at Socket.<anonymous> (F:\egg\blackWhite\node_modules\mysql\lib\Connection.js:88:28)
    at Socket.<anonymous> (F:\egg\blackWhite\node_modules\mysql\lib\Connection.js:526:10)
    at Socket.emit (events.js:400:28)
    at addChunk (internal/streams/readable.js:290:12)
    --------------------
    at Pool.query (F:\egg\blackWhite\node_modules\mysql\lib\Pool.js:199:23)
    at F:\egg\blackWhite\node_modules\ali-rds\node_modules\pify\index.js:29:7
    at new Promise (<anonymous>)
    at Pool.<anonymous> (F:\egg\blackWhite\node_modules\ali-rds\node_modules\pify\index.js:12:10)
    at Pool.ret [as query] (F:\egg\blackWhite\node_modules\ali-rds\node_modules\pify\index.js:56:34)
    at RDSClient.proto._query (F:\egg\blackWhite\node_modules\ali-rds\lib\client.js:38:20)
    at RDSClient.proto.query (F:\egg\blackWhite\node_modules\ali-rds\lib\operator.js:54:29)
    at proto.query.next (<anonymous>)
    at onFulfilled (F:\egg\blackWhite\node_modules\co\index.js:65:19)
    at F:\egg\blackWhite\node_modules\co\index.js:54:5
    sql: wares
code: "ER_PARSE_ERROR"
errno: 1064
sqlMessage: "You have an error in your SQL syntax; check the manual that corresponds to your MySQL server version for the right syntax to use near 'wares' at line 1"
sqlState: "42000"
index: 0
sql: "wares"
name: "ER_PARSE_ERRORError"
pid: 13728
hostname: ABOUTNB

2021-09-08 02:24:38,311 ERROR 13728 [-/127.0.0.1/-/91ms POST /waresselect] nodejs.ER_PARSE_ERRORError: ER_PARSE_ERROR: You have an error in your SQL syntax; check the manual that corresponds to your MySQL server version for the right syntax to use near 'wares' at line 1
    at Query.Sequence._packetToError (F:\egg\blackWhite\node_modules\mysql\lib\protocol\sequences\Sequence.js:47:14)
    at Query.ErrorPacket (F:\egg\blackWhite\node_modules\mysql\lib\protocol\sequences\Query.js:79:18)
    at Protocol._parsePacket (F:\egg\blackWhite\node_modules\mysql\lib\protocol\Protocol.js:291:23)
    at Parser._parsePacket (F:\egg\blackWhite\node_modules\mysql\lib\protocol\Parser.js:433:10)
    at Parser.write (F:\egg\blackWhite\node_modules\mysql\lib\protocol\Parser.js:43:10)
    at Protocol.write (F:\egg\blackWhite\node_modules\mysql\lib\protocol\Protocol.js:38:16)
    at Socket.<anonymous> (F:\egg\blackWhite\node_modules\mysql\lib\Connection.js:88:28)
    at Socket.<anonymous> (F:\egg\blackWhite\node_modules\mysql\lib\Connection.js:526:10)
    at Socket.emit (events.js:400:28)
    at addChunk (internal/streams/readable.js:290:12)
    --------------------
    at Pool.query (F:\egg\blackWhite\node_modules\mysql\lib\Pool.js:199:23)
    at F:\egg\blackWhite\node_modules\ali-rds\node_modules\pify\index.js:29:7
    at new Promise (<anonymous>)
    at Pool.<anonymous> (F:\egg\blackWhite\node_modules\ali-rds\node_modules\pify\index.js:12:10)
    at Pool.ret [as query] (F:\egg\blackWhite\node_modules\ali-rds\node_modules\pify\index.js:56:34)
    at RDSClient.proto._query (F:\egg\blackWhite\node_modules\ali-rds\lib\client.js:38:20)
    at RDSClient.proto.query (F:\egg\blackWhite\node_modules\ali-rds\lib\operator.js:54:29)
    at proto.query.next (<anonymous>)
    at onFulfilled (F:\egg\blackWhite\node_modules\co\index.js:65:19)
    at F:\egg\blackWhite\node_modules\co\index.js:54:5
    sql: wares
code: "ER_PARSE_ERROR"
errno: 1064
sqlMessage: "You have an error in your SQL syntax; check the manual that corresponds to your MySQL server version for the right syntax to use near 'wares' at line 1"
sqlState: "42000"
index: 0
sql: "wares"
name: "ER_PARSE_ERRORError"
pid: 13728
hostname: ABOUTNB

2021-09-08 02:24:50,262 ERROR 13728 [-/127.0.0.1/-/93ms POST /waresselect] nodejs.ER_PARSE_ERRORError: ER_PARSE_ERROR: You have an error in your SQL syntax; check the manual that corresponds to your MySQL server version for the right syntax to use near 'wares' at line 1
    at Query.Sequence._packetToError (F:\egg\blackWhite\node_modules\mysql\lib\protocol\sequences\Sequence.js:47:14)
    at Query.ErrorPacket (F:\egg\blackWhite\node_modules\mysql\lib\protocol\sequences\Query.js:79:18)
    at Protocol._parsePacket (F:\egg\blackWhite\node_modules\mysql\lib\protocol\Protocol.js:291:23)
    at Parser._parsePacket (F:\egg\blackWhite\node_modules\mysql\lib\protocol\Parser.js:433:10)
    at Parser.write (F:\egg\blackWhite\node_modules\mysql\lib\protocol\Parser.js:43:10)
    at Protocol.write (F:\egg\blackWhite\node_modules\mysql\lib\protocol\Protocol.js:38:16)
    at Socket.<anonymous> (F:\egg\blackWhite\node_modules\mysql\lib\Connection.js:88:28)
    at Socket.<anonymous> (F:\egg\blackWhite\node_modules\mysql\lib\Connection.js:526:10)
    at Socket.emit (events.js:400:28)
    at addChunk (internal/streams/readable.js:290:12)
    --------------------
    at Pool.query (F:\egg\blackWhite\node_modules\mysql\lib\Pool.js:199:23)
    at F:\egg\blackWhite\node_modules\ali-rds\node_modules\pify\index.js:29:7
    at new Promise (<anonymous>)
    at Pool.<anonymous> (F:\egg\blackWhite\node_modules\ali-rds\node_modules\pify\index.js:12:10)
    at Pool.ret [as query] (F:\egg\blackWhite\node_modules\ali-rds\node_modules\pify\index.js:56:34)
    at RDSClient.proto._query (F:\egg\blackWhite\node_modules\ali-rds\lib\client.js:38:20)
    at RDSClient.proto.query (F:\egg\blackWhite\node_modules\ali-rds\lib\operator.js:54:29)
    at proto.query.next (<anonymous>)
    at onFulfilled (F:\egg\blackWhite\node_modules\co\index.js:65:19)
    at F:\egg\blackWhite\node_modules\co\index.js:54:5
    sql: wares
code: "ER_PARSE_ERROR"
errno: 1064
sqlMessage: "You have an error in your SQL syntax; check the manual that corresponds to your MySQL server version for the right syntax to use near 'wares' at line 1"
sqlState: "42000"
index: 0
sql: "wares"
name: "ER_PARSE_ERRORError"
pid: 13728
hostname: ABOUTNB

2021-09-08 02:24:59,083 ERROR 13728 [-/127.0.0.1/-/100ms POST /waresselect] nodejs.ER_PARSE_ERRORError: ER_PARSE_ERROR: You have an error in your SQL syntax; check the manual that corresponds to your MySQL server version for the right syntax to use near 'wares' at line 1
    at Query.Sequence._packetToError (F:\egg\blackWhite\node_modules\mysql\lib\protocol\sequences\Sequence.js:47:14)
    at Query.ErrorPacket (F:\egg\blackWhite\node_modules\mysql\lib\protocol\sequences\Query.js:79:18)
    at Protocol._parsePacket (F:\egg\blackWhite\node_modules\mysql\lib\protocol\Protocol.js:291:23)
    at Parser._parsePacket (F:\egg\blackWhite\node_modules\mysql\lib\protocol\Parser.js:433:10)
    at Parser.write (F:\egg\blackWhite\node_modules\mysql\lib\protocol\Parser.js:43:10)
    at Protocol.write (F:\egg\blackWhite\node_modules\mysql\lib\protocol\Protocol.js:38:16)
    at Socket.<anonymous> (F:\egg\blackWhite\node_modules\mysql\lib\Connection.js:88:28)
    at Socket.<anonymous> (F:\egg\blackWhite\node_modules\mysql\lib\Connection.js:526:10)
    at Socket.emit (events.js:400:28)
    at addChunk (internal/streams/readable.js:290:12)
    --------------------
    at Pool.query (F:\egg\blackWhite\node_modules\mysql\lib\Pool.js:199:23)
    at F:\egg\blackWhite\node_modules\ali-rds\node_modules\pify\index.js:29:7
    at new Promise (<anonymous>)
    at Pool.<anonymous> (F:\egg\blackWhite\node_modules\ali-rds\node_modules\pify\index.js:12:10)
    at Pool.ret [as query] (F:\egg\blackWhite\node_modules\ali-rds\node_modules\pify\index.js:56:34)
    at RDSClient.proto._query (F:\egg\blackWhite\node_modules\ali-rds\lib\client.js:38:20)
    at RDSClient.proto.query (F:\egg\blackWhite\node_modules\ali-rds\lib\operator.js:54:29)
    at proto.query.next (<anonymous>)
    at onFulfilled (F:\egg\blackWhite\node_modules\co\index.js:65:19)
    at F:\egg\blackWhite\node_modules\co\index.js:54:5
    sql: wares
code: "ER_PARSE_ERROR"
errno: 1064
sqlMessage: "You have an error in your SQL syntax; check the manual that corresponds to your MySQL server version for the right syntax to use near 'wares' at line 1"
sqlState: "42000"
index: 0
sql: "wares"
name: "ER_PARSE_ERRORError"
pid: 13728
hostname: ABOUTNB

2021-09-08 02:27:50,272 ERROR 1892 [-/127.0.0.1/-/91ms POST /waresselect] nodejs.ER_PARSE_ERRORError: ER_PARSE_ERROR: You have an error in your SQL syntax; check the manual that corresponds to your MySQL server version for the right syntax to use near 'wares' at line 1
    at Query.Sequence._packetToError (F:\egg\blackWhite\node_modules\mysql\lib\protocol\sequences\Sequence.js:47:14)
    at Query.ErrorPacket (F:\egg\blackWhite\node_modules\mysql\lib\protocol\sequences\Query.js:79:18)
    at Protocol._parsePacket (F:\egg\blackWhite\node_modules\mysql\lib\protocol\Protocol.js:291:23)
    at Parser._parsePacket (F:\egg\blackWhite\node_modules\mysql\lib\protocol\Parser.js:433:10)
    at Parser.write (F:\egg\blackWhite\node_modules\mysql\lib\protocol\Parser.js:43:10)
    at Protocol.write (F:\egg\blackWhite\node_modules\mysql\lib\protocol\Protocol.js:38:16)
    at Socket.<anonymous> (F:\egg\blackWhite\node_modules\mysql\lib\Connection.js:88:28)
    at Socket.<anonymous> (F:\egg\blackWhite\node_modules\mysql\lib\Connection.js:526:10)
    at Socket.emit (events.js:400:28)
    at addChunk (internal/streams/readable.js:290:12)
    --------------------
    at Pool.query (F:\egg\blackWhite\node_modules\mysql\lib\Pool.js:199:23)
    at F:\egg\blackWhite\node_modules\ali-rds\node_modules\pify\index.js:29:7
    at new Promise (<anonymous>)
    at Pool.<anonymous> (F:\egg\blackWhite\node_modules\ali-rds\node_modules\pify\index.js:12:10)
    at Pool.ret [as query] (F:\egg\blackWhite\node_modules\ali-rds\node_modules\pify\index.js:56:34)
    at RDSClient.proto._query (F:\egg\blackWhite\node_modules\ali-rds\lib\client.js:38:20)
    at RDSClient.proto.query (F:\egg\blackWhite\node_modules\ali-rds\lib\operator.js:54:29)
    at proto.query.next (<anonymous>)
    at onFulfilled (F:\egg\blackWhite\node_modules\co\index.js:65:19)
    at F:\egg\blackWhite\node_modules\co\index.js:54:5
    sql: wares
code: "ER_PARSE_ERROR"
errno: 1064
sqlMessage: "You have an error in your SQL syntax; check the manual that corresponds to your MySQL server version for the right syntax to use near 'wares' at line 1"
sqlState: "42000"
index: 0
sql: "wares"
name: "ER_PARSE_ERRORError"
pid: 1892
hostname: ABOUTNB

2021-09-08 02:27:54,406 ERROR 1892 [-/127.0.0.1/-/94ms POST /waresselect] nodejs.ER_PARSE_ERRORError: ER_PARSE_ERROR: You have an error in your SQL syntax; check the manual that corresponds to your MySQL server version for the right syntax to use near 'wares' at line 1
    at Query.Sequence._packetToError (F:\egg\blackWhite\node_modules\mysql\lib\protocol\sequences\Sequence.js:47:14)
    at Query.ErrorPacket (F:\egg\blackWhite\node_modules\mysql\lib\protocol\sequences\Query.js:79:18)
    at Protocol._parsePacket (F:\egg\blackWhite\node_modules\mysql\lib\protocol\Protocol.js:291:23)
    at Parser._parsePacket (F:\egg\blackWhite\node_modules\mysql\lib\protocol\Parser.js:433:10)
    at Parser.write (F:\egg\blackWhite\node_modules\mysql\lib\protocol\Parser.js:43:10)
    at Protocol.write (F:\egg\blackWhite\node_modules\mysql\lib\protocol\Protocol.js:38:16)
    at Socket.<anonymous> (F:\egg\blackWhite\node_modules\mysql\lib\Connection.js:88:28)
    at Socket.<anonymous> (F:\egg\blackWhite\node_modules\mysql\lib\Connection.js:526:10)
    at Socket.emit (events.js:400:28)
    at addChunk (internal/streams/readable.js:290:12)
    --------------------
    at Pool.query (F:\egg\blackWhite\node_modules\mysql\lib\Pool.js:199:23)
    at F:\egg\blackWhite\node_modules\ali-rds\node_modules\pify\index.js:29:7
    at new Promise (<anonymous>)
    at Pool.<anonymous> (F:\egg\blackWhite\node_modules\ali-rds\node_modules\pify\index.js:12:10)
    at Pool.ret [as query] (F:\egg\blackWhite\node_modules\ali-rds\node_modules\pify\index.js:56:34)
    at RDSClient.proto._query (F:\egg\blackWhite\node_modules\ali-rds\lib\client.js:38:20)
    at RDSClient.proto.query (F:\egg\blackWhite\node_modules\ali-rds\lib\operator.js:54:29)
    at proto.query.next (<anonymous>)
    at onFulfilled (F:\egg\blackWhite\node_modules\co\index.js:65:19)
    at F:\egg\blackWhite\node_modules\co\index.js:54:5
    sql: wares
code: "ER_PARSE_ERROR"
errno: 1064
sqlMessage: "You have an error in your SQL syntax; check the manual that corresponds to your MySQL server version for the right syntax to use near 'wares' at line 1"
sqlState: "42000"
index: 0
sql: "wares"
name: "ER_PARSE_ERRORError"
pid: 1892
hostname: ABOUTNB

2021-09-08 02:27:55,420 ERROR 1892 [-/127.0.0.1/-/72ms POST /waresselect] nodejs.ER_PARSE_ERRORError: ER_PARSE_ERROR: You have an error in your SQL syntax; check the manual that corresponds to your MySQL server version for the right syntax to use near 'wares' at line 1
    at Query.Sequence._packetToError (F:\egg\blackWhite\node_modules\mysql\lib\protocol\sequences\Sequence.js:47:14)
    at Query.ErrorPacket (F:\egg\blackWhite\node_modules\mysql\lib\protocol\sequences\Query.js:79:18)
    at Protocol._parsePacket (F:\egg\blackWhite\node_modules\mysql\lib\protocol\Protocol.js:291:23)
    at Parser._parsePacket (F:\egg\blackWhite\node_modules\mysql\lib\protocol\Parser.js:433:10)
    at Parser.write (F:\egg\blackWhite\node_modules\mysql\lib\protocol\Parser.js:43:10)
    at Protocol.write (F:\egg\blackWhite\node_modules\mysql\lib\protocol\Protocol.js:38:16)
    at Socket.<anonymous> (F:\egg\blackWhite\node_modules\mysql\lib\Connection.js:88:28)
    at Socket.<anonymous> (F:\egg\blackWhite\node_modules\mysql\lib\Connection.js:526:10)
    at Socket.emit (events.js:400:28)
    at addChunk (internal/streams/readable.js:290:12)
    --------------------
    at Pool.query (F:\egg\blackWhite\node_modules\mysql\lib\Pool.js:199:23)
    at F:\egg\blackWhite\node_modules\ali-rds\node_modules\pify\index.js:29:7
    at new Promise (<anonymous>)
    at Pool.<anonymous> (F:\egg\blackWhite\node_modules\ali-rds\node_modules\pify\index.js:12:10)
    at Pool.ret [as query] (F:\egg\blackWhite\node_modules\ali-rds\node_modules\pify\index.js:56:34)
    at RDSClient.proto._query (F:\egg\blackWhite\node_modules\ali-rds\lib\client.js:38:20)
    at RDSClient.proto.query (F:\egg\blackWhite\node_modules\ali-rds\lib\operator.js:54:29)
    at proto.query.next (<anonymous>)
    at onFulfilled (F:\egg\blackWhite\node_modules\co\index.js:65:19)
    at F:\egg\blackWhite\node_modules\co\index.js:54:5
    sql: wares
code: "ER_PARSE_ERROR"
errno: 1064
sqlMessage: "You have an error in your SQL syntax; check the manual that corresponds to your MySQL server version for the right syntax to use near 'wares' at line 1"
sqlState: "42000"
index: 0
sql: "wares"
name: "ER_PARSE_ERRORError"
pid: 1892
hostname: ABOUTNB

2021-09-08 02:27:59,580 ERROR 1892 [-/127.0.0.1/-/68ms POST /waresselect] nodejs.ER_PARSE_ERRORError: ER_PARSE_ERROR: You have an error in your SQL syntax; check the manual that corresponds to your MySQL server version for the right syntax to use near 'wares' at line 1
    at Query.Sequence._packetToError (F:\egg\blackWhite\node_modules\mysql\lib\protocol\sequences\Sequence.js:47:14)
    at Query.ErrorPacket (F:\egg\blackWhite\node_modules\mysql\lib\protocol\sequences\Query.js:79:18)
    at Protocol._parsePacket (F:\egg\blackWhite\node_modules\mysql\lib\protocol\Protocol.js:291:23)
    at Parser._parsePacket (F:\egg\blackWhite\node_modules\mysql\lib\protocol\Parser.js:433:10)
    at Parser.write (F:\egg\blackWhite\node_modules\mysql\lib\protocol\Parser.js:43:10)
    at Protocol.write (F:\egg\blackWhite\node_modules\mysql\lib\protocol\Protocol.js:38:16)
    at Socket.<anonymous> (F:\egg\blackWhite\node_modules\mysql\lib\Connection.js:88:28)
    at Socket.<anonymous> (F:\egg\blackWhite\node_modules\mysql\lib\Connection.js:526:10)
    at Socket.emit (events.js:400:28)
    at addChunk (internal/streams/readable.js:290:12)
    --------------------
    at Pool.query (F:\egg\blackWhite\node_modules\mysql\lib\Pool.js:199:23)
    at F:\egg\blackWhite\node_modules\ali-rds\node_modules\pify\index.js:29:7
    at new Promise (<anonymous>)
    at Pool.<anonymous> (F:\egg\blackWhite\node_modules\ali-rds\node_modules\pify\index.js:12:10)
    at Pool.ret [as query] (F:\egg\blackWhite\node_modules\ali-rds\node_modules\pify\index.js:56:34)
    at RDSClient.proto._query (F:\egg\blackWhite\node_modules\ali-rds\lib\client.js:38:20)
    at RDSClient.proto.query (F:\egg\blackWhite\node_modules\ali-rds\lib\operator.js:54:29)
    at proto.query.next (<anonymous>)
    at onFulfilled (F:\egg\blackWhite\node_modules\co\index.js:65:19)
    at F:\egg\blackWhite\node_modules\co\index.js:54:5
    sql: wares
code: "ER_PARSE_ERROR"
errno: 1064
sqlMessage: "You have an error in your SQL syntax; check the manual that corresponds to your MySQL server version for the right syntax to use near 'wares' at line 1"
sqlState: "42000"
index: 0
sql: "wares"
name: "ER_PARSE_ERRORError"
pid: 1892
hostname: ABOUTNB

2021-09-08 02:28:06,558 ERROR 14008 [-/127.0.0.1/-/101ms POST /waresselect] nodejs.ER_PARSE_ERRORError: ER_PARSE_ERROR: You have an error in your SQL syntax; check the manual that corresponds to your MySQL server version for the right syntax to use near 'wares' at line 1
    at Query.Sequence._packetToError (F:\egg\blackWhite\node_modules\mysql\lib\protocol\sequences\Sequence.js:47:14)
    at Query.ErrorPacket (F:\egg\blackWhite\node_modules\mysql\lib\protocol\sequences\Query.js:79:18)
    at Protocol._parsePacket (F:\egg\blackWhite\node_modules\mysql\lib\protocol\Protocol.js:291:23)
    at Parser._parsePacket (F:\egg\blackWhite\node_modules\mysql\lib\protocol\Parser.js:433:10)
    at Parser.write (F:\egg\blackWhite\node_modules\mysql\lib\protocol\Parser.js:43:10)
    at Protocol.write (F:\egg\blackWhite\node_modules\mysql\lib\protocol\Protocol.js:38:16)
    at Socket.<anonymous> (F:\egg\blackWhite\node_modules\mysql\lib\Connection.js:88:28)
    at Socket.<anonymous> (F:\egg\blackWhite\node_modules\mysql\lib\Connection.js:526:10)
    at Socket.emit (events.js:400:28)
    at addChunk (internal/streams/readable.js:290:12)
    --------------------
    at Pool.query (F:\egg\blackWhite\node_modules\mysql\lib\Pool.js:199:23)
    at F:\egg\blackWhite\node_modules\ali-rds\node_modules\pify\index.js:29:7
    at new Promise (<anonymous>)
    at Pool.<anonymous> (F:\egg\blackWhite\node_modules\ali-rds\node_modules\pify\index.js:12:10)
    at Pool.ret [as query] (F:\egg\blackWhite\node_modules\ali-rds\node_modules\pify\index.js:56:34)
    at RDSClient.proto._query (F:\egg\blackWhite\node_modules\ali-rds\lib\client.js:38:20)
    at RDSClient.proto.query (F:\egg\blackWhite\node_modules\ali-rds\lib\operator.js:54:29)
    at proto.query.next (<anonymous>)
    at onFulfilled (F:\egg\blackWhite\node_modules\co\index.js:65:19)
    at F:\egg\blackWhite\node_modules\co\index.js:54:5
    sql: wares
code: "ER_PARSE_ERROR"
errno: 1064
sqlMessage: "You have an error in your SQL syntax; check the manual that corresponds to your MySQL server version for the right syntax to use near 'wares' at line 1"
sqlState: "42000"
index: 0
sql: "wares"
name: "ER_PARSE_ERRORError"
pid: 14008
hostname: ABOUTNB

